<?xml version="1.0" encoding="UTF-8"?>
<testsuite name="hrp.onboarding.util.NumberUtilTest" tests="1" skipped="0" failures="0" errors="0" timestamp="2022-04-28T02:51:46" hostname="SSH1224-LAPTOP" time="0.013">
  <properties/>
  <testcase name="문자열 숫자에 대한 Integer Parse 테스트" classname="hrp.onboarding.util.NumberUtilTest" time="0.013"/>
  <system-out><![CDATA[]]></system-out>
  <system-err><![CDATA[]]></system-err>
</testsuite>
